{
  "0 debug pnpm:scope": {
    "selected": 1
  },
  "1 info pnpm": {
    "err": {
      "name": "Error",
      "message": "not found: lint-staged",
      "code": "ENOENT",
      "stack": "Error: not found: lint-staged\n    at getNotFoundError (C:\\Users\\zhangrenyang\\AppData\\Roaming\\npm\\pnpm-global\\5\\node_modules\\.pnpm\\registry.npmmirror.com+pnpm@6.32.3\\node_modules\\pnpm\\dist\\pnpm.cjs:41585:51)\n    at Function.whichSync [as sync] (C:\\Users\\zhangrenyang\\AppData\\Roaming\\npm\\pnpm-global\\5\\node_modules\\.pnpm\\registry.npmmirror.com+pnpm@6.32.3\\node_modules\\pnpm\\dist\\pnpm.cjs:41662:13)\n    at getCommandAbsolutePathSync (C:\\Users\\zhangrenyang\\AppData\\Roaming\\npm\\pnpm-global\\5\\node_modules\\.pnpm\\registry.npmmirror.com+pnpm@6.32.3\\node_modules\\pnpm\\dist\\pnpm.cjs:43227:44)\n    at default_1 (C:\\Users\\zhangrenyang\\AppData\\Roaming\\npm\\pnpm-global\\5\\node_modules\\.pnpm\\registry.npmmirror.com+pnpm@6.32.3\\node_modules\\pnpm\\dist\\pnpm.cjs:43236:32)\n    at C:\\Users\\zhangrenyang\\AppData\\Roaming\\npm\\pnpm-global\\5\\node_modules\\.pnpm\\registry.npmmirror.com+pnpm@6.32.3\\node_modules\\pnpm\\dist\\pnpm.cjs:178180:39"
    }
  },
  "2 error pnpm": {
    "code": "ERR_PNPM_RECURSIVE_EXEC_FIRST_FAIL",
    "prefix": "C:\\aproject\\webpack202208",
    "err": {
      "name": "pnpm",
      "message": "not found: lint-staged",
      "code": "ERR_PNPM_RECURSIVE_EXEC_FIRST_FAIL",
      "stack": "Error: not found: lint-staged\n    at getNotFoundError (C:\\Users\\zhangrenyang\\AppData\\Roaming\\npm\\pnpm-global\\5\\node_modules\\.pnpm\\registry.npmmirror.com+pnpm@6.32.3\\node_modules\\pnpm\\dist\\pnpm.cjs:41585:51)\n    at Function.whichSync [as sync] (C:\\Users\\zhangrenyang\\AppData\\Roaming\\npm\\pnpm-global\\5\\node_modules\\.pnpm\\registry.npmmirror.com+pnpm@6.32.3\\node_modules\\pnpm\\dist\\pnpm.cjs:41662:13)\n    at getCommandAbsolutePathSync (C:\\Users\\zhangrenyang\\AppData\\Roaming\\npm\\pnpm-global\\5\\node_modules\\.pnpm\\registry.npmmirror.com+pnpm@6.32.3\\node_modules\\pnpm\\dist\\pnpm.cjs:43227:44)\n    at default_1 (C:\\Users\\zhangrenyang\\AppData\\Roaming\\npm\\pnpm-global\\5\\node_modules\\.pnpm\\registry.npmmirror.com+pnpm@6.32.3\\node_modules\\pnpm\\dist\\pnpm.cjs:43236:32)\n    at C:\\Users\\zhangrenyang\\AppData\\Roaming\\npm\\pnpm-global\\5\\node_modules\\.pnpm\\registry.npmmirror.com+pnpm@6.32.3\\node_modules\\pnpm\\dist\\pnpm.cjs:178180:39"
    }
  }
}